<?xml version="1.0" encoding="UTF-8"?>
<!-- Generated by org.testng.reporters.JUnitXMLReporter -->
<testsuite ignored="0" hostname="LTIN188526" failures="0" tests="5" name="ValiadateUser" time="277.632" errors="0" timestamp="2024-02-20T15:03:28 IST">
  <testcase classname="TestCases.TC_001_ValidateUser" name="ValidateUser" time="10.511"/>
  <testcase classname="TestCases.TC_002_ValidateImageAndHeaders" name="validateImageCountAndHeaders" time="4.501"/>
  <testcase classname="TestCases.TC_003_ToolTipValidation" name="validateToolTip" time="8.741"/>
  <testcase classname="TestCases.TC_004_ValidateNewsItems" name="validateNewsItems" time="164.769"/>
  <testcase classname="TestCases.TC_005_ValidateAppsAndTools" name="validateAppsAndTools" time="10.586"/>
</testsuite> <!-- ValiadateUser -->
